execve("/usr/bin/bash", ["bash", "-c", "<<EOF cat\nfe\nEOF\n"], 0x7ffee0f52020 /* 69 vars */) = 0
brk(NULL)                               = 0x5583eec95000
arch_prctl(0x3001 /* ARCH_??? */, 0x7fff75c287e0) = -1 EINVAL (Invalid argument)
mmap(NULL, 8192, PROT_READ|PROT_WRITE, MAP_PRIVATE|MAP_ANONYMOUS, -1, 0) = 0x7f2539e2a000
access("/etc/ld.so.preload", R_OK)      = -1 ENOENT (No such file or directory)
openat(AT_FDCWD, "/etc/ld.so.cache", O_RDONLY|O_CLOEXEC) = 3
newfstatat(3, "", {st_mode=S_IFREG|0644, st_size=102463, ...}, AT_EMPTY_PATH) = 0
mmap(NULL, 102463, PROT_READ, MAP_PRIVATE, 3, 0) = 0x7f2539e10000
close(3)                                = 0
openat(AT_FDCWD, "/lib/x86_64-linux-gnu/libtinfo.so.6", O_RDONLY|O_CLOEXEC) = 3
read(3, "\177ELF\2\1\1\0\0\0\0\0\0\0\0\0\3\0>\0\1\0\0\0\0\0\0\0\0\0\0\0"..., 832) = 832
newfstatat(3, "", {st_mode=S_IFREG|0644, st_size=200136, ...}, AT_EMPTY_PATH) = 0
mmap(NULL, 203040, PROT_READ, MAP_PRIVATE|MAP_DENYWRITE, 3, 0) = 0x7f2539dde000
mmap(0x7f2539dec000, 69632, PROT_READ|PROT_EXEC, MAP_PRIVATE|MAP_FIXED|MAP_DENYWRITE, 3, 0xe000) = 0x7f2539dec000
mmap(0x7f2539dfd000, 57344, PROT_READ, MAP_PRIVATE|MAP_FIXED|MAP_DENYWRITE, 3, 0x1f000) = 0x7f2539dfd000
mmap(0x7f2539e0b000, 20480, PROT_READ|PROT_WRITE, MAP_PRIVATE|MAP_FIXED|MAP_DENYWRITE, 3, 0x2c000) = 0x7f2539e0b000
close(3)                                = 0
openat(AT_FDCWD, "/lib/x86_64-linux-gnu/libc.so.6", O_RDONLY|O_CLOEXEC) = 3
read(3, "\177ELF\2\1\1\3\0\0\0\0\0\0\0\0\3\0>\0\1\0\0\0P\237\2\0\0\0\0\0"..., 832) = 832
pread64(3, "\6\0\0\0\4\0\0\0@\0\0\0\0\0\0\0@\0\0\0\0\0\0\0@\0\0\0\0\0\0\0"..., 784, 64) = 784
pread64(3, "\4\0\0\0 \0\0\0\5\0\0\0GNU\0\2\0\0\300\4\0\0\0\3\0\0\0\0\0\0\0"..., 48, 848) = 48
pread64(3, "\4\0\0\0\24\0\0\0\3\0\0\0GNU\0\244;\374\204(\337f#\315I\214\234\f\256\271\32"..., 68, 896) = 68
newfstatat(3, "", {st_mode=S_IFREG|0755, st_size=2216304, ...}, AT_EMPTY_PATH) = 0
pread64(3, "\6\0\0\0\4\0\0\0@\0\0\0\0\0\0\0@\0\0\0\0\0\0\0@\0\0\0\0\0\0\0"..., 784, 64) = 784
mmap(NULL, 2260560, PROT_READ, MAP_PRIVATE|MAP_DENYWRITE, 3, 0) = 0x7f2539bb6000
mmap(0x7f2539bde000, 1658880, PROT_READ|PROT_EXEC, MAP_PRIVATE|MAP_FIXED|MAP_DENYWRITE, 3, 0x28000) = 0x7f2539bde000
mmap(0x7f2539d73000, 360448, PROT_READ, MAP_PRIVATE|MAP_FIXED|MAP_DENYWRITE, 3, 0x1bd000) = 0x7f2539d73000
mmap(0x7f2539dcb000, 24576, PROT_READ|PROT_WRITE, MAP_PRIVATE|MAP_FIXED|MAP_DENYWRITE, 3, 0x214000) = 0x7f2539dcb000
mmap(0x7f2539dd1000, 52816, PROT_READ|PROT_WRITE, MAP_PRIVATE|MAP_FIXED|MAP_ANONYMOUS, -1, 0) = 0x7f2539dd1000
close(3)                                = 0
mmap(NULL, 12288, PROT_READ|PROT_WRITE, MAP_PRIVATE|MAP_ANONYMOUS, -1, 0) = 0x7f2539bb3000
arch_prctl(ARCH_SET_FS, 0x7f2539bb3740) = 0
set_tid_address(0x7f2539bb3a10)         = 12412
set_robust_list(0x7f2539bb3a20, 24)     = 0
rseq(0x7f2539bb40e0, 0x20, 0, 0x53053053) = 0
mprotect(0x7f2539dcb000, 16384, PROT_READ) = 0
mprotect(0x7f2539e0b000, 16384, PROT_READ) = 0
mprotect(0x5583ecc7e000, 16384, PROT_READ) = 0
mprotect(0x7f2539e64000, 8192, PROT_READ) = 0
prlimit64(0, RLIMIT_STACK, NULL, {rlim_cur=8192*1024, rlim_max=RLIM64_INFINITY}) = 0
munmap(0x7f2539e10000, 102463)          = 0
openat(AT_FDCWD, "/dev/tty", O_RDWR|O_NONBLOCK) = 3
close(3)                                = 0
getrandom("\xb2\xa9\xad\xa1\x04\x7a\x21\x9f", 8, GRND_NONBLOCK) = 8
brk(NULL)                               = 0x5583eec95000
brk(0x5583eecb6000)                     = 0x5583eecb6000
openat(AT_FDCWD, "/usr/lib/locale/locale-archive", O_RDONLY|O_CLOEXEC) = 3
newfstatat(3, "", {st_mode=S_IFREG|0644, st_size=126400208, ...}, AT_EMPTY_PATH) = 0
mmap(NULL, 126400208, PROT_READ, MAP_PRIVATE, 3, 0) = 0x7f2532327000
close(3)                                = 0
openat(AT_FDCWD, "/usr/lib/x86_64-linux-gnu/gconv/gconv-modules.cache", O_RDONLY) = 3
newfstatat(3, "", {st_mode=S_IFREG|0644, st_size=27002, ...}, AT_EMPTY_PATH) = 0
mmap(NULL, 27002, PROT_READ, MAP_SHARED, 3, 0) = 0x7f2539e23000
close(3)                                = 0
futex(0x7f2539dd0a6c, FUTEX_WAKE_PRIVATE, 2147483647) = 0
getuid()                                = 105647
getgid()                                = 4316
geteuid()                               = 105647
getegid()                               = 4316
rt_sigprocmask(SIG_BLOCK, NULL, [], 8)  = 0
ioctl(-1, TIOCGPGRP, 0x7fff75c286d4)    = -1 EBADF (Bad file descriptor)
sysinfo({uptime=4396, loads=[23744, 36576, 45024], totalram=8258801664, freeram=1727246336, sharedram=245030912, bufferram=98205696, totalswap=4294963200, freeswap=4294963200, procs=1313, totalhigh=0, freehigh=0, mem_unit=1}) = 0
rt_sigaction(SIGCHLD, {sa_handler=SIG_DFL, sa_mask=[], sa_flags=SA_RESTORER|SA_RESTART, sa_restorer=0x7f2539bf8520}, {sa_handler=SIG_DFL, sa_mask=[], sa_flags=0}, 8) = 0
rt_sigaction(SIGCHLD, {sa_handler=SIG_DFL, sa_mask=[], sa_flags=SA_RESTORER|SA_RESTART, sa_restorer=0x7f2539bf8520}, {sa_handler=SIG_DFL, sa_mask=[], sa_flags=SA_RESTORER|SA_RESTART, sa_restorer=0x7f2539bf8520}, 8) = 0
rt_sigaction(SIGINT, {sa_handler=SIG_DFL, sa_mask=[], sa_flags=SA_RESTORER, sa_restorer=0x7f2539bf8520}, {sa_handler=SIG_DFL, sa_mask=[], sa_flags=0}, 8) = 0
rt_sigaction(SIGINT, {sa_handler=SIG_DFL, sa_mask=[], sa_flags=SA_RESTORER, sa_restorer=0x7f2539bf8520}, {sa_handler=SIG_DFL, sa_mask=[], sa_flags=SA_RESTORER, sa_restorer=0x7f2539bf8520}, 8) = 0
rt_sigaction(SIGQUIT, {sa_handler=SIG_DFL, sa_mask=[], sa_flags=SA_RESTORER, sa_restorer=0x7f2539bf8520}, {sa_handler=SIG_DFL, sa_mask=[], sa_flags=0}, 8) = 0
rt_sigaction(SIGQUIT, {sa_handler=SIG_DFL, sa_mask=[], sa_flags=SA_RESTORER, sa_restorer=0x7f2539bf8520}, {sa_handler=SIG_DFL, sa_mask=[], sa_flags=SA_RESTORER, sa_restorer=0x7f2539bf8520}, 8) = 0
rt_sigaction(SIGTSTP, {sa_handler=SIG_DFL, sa_mask=[], sa_flags=SA_RESTORER, sa_restorer=0x7f2539bf8520}, {sa_handler=SIG_DFL, sa_mask=[], sa_flags=0}, 8) = 0
rt_sigaction(SIGTSTP, {sa_handler=SIG_DFL, sa_mask=[], sa_flags=SA_RESTORER, sa_restorer=0x7f2539bf8520}, {sa_handler=SIG_DFL, sa_mask=[], sa_flags=SA_RESTORER, sa_restorer=0x7f2539bf8520}, 8) = 0
rt_sigaction(SIGTTIN, {sa_handler=SIG_DFL, sa_mask=[], sa_flags=SA_RESTORER, sa_restorer=0x7f2539bf8520}, {sa_handler=SIG_DFL, sa_mask=[], sa_flags=0}, 8) = 0
rt_sigaction(SIGTTIN, {sa_handler=SIG_DFL, sa_mask=[], sa_flags=SA_RESTORER, sa_restorer=0x7f2539bf8520}, {sa_handler=SIG_DFL, sa_mask=[], sa_flags=SA_RESTORER, sa_restorer=0x7f2539bf8520}, 8) = 0
rt_sigaction(SIGTTOU, {sa_handler=SIG_DFL, sa_mask=[], sa_flags=SA_RESTORER, sa_restorer=0x7f2539bf8520}, {sa_handler=SIG_DFL, sa_mask=[], sa_flags=0}, 8) = 0
rt_sigaction(SIGTTOU, {sa_handler=SIG_DFL, sa_mask=[], sa_flags=SA_RESTORER, sa_restorer=0x7f2539bf8520}, {sa_handler=SIG_DFL, sa_mask=[], sa_flags=SA_RESTORER, sa_restorer=0x7f2539bf8520}, 8) = 0
rt_sigprocmask(SIG_BLOCK, NULL, [], 8)  = 0
rt_sigaction(SIGQUIT, {sa_handler=SIG_IGN, sa_mask=[], sa_flags=SA_RESTORER, sa_restorer=0x7f2539bf8520}, {sa_handler=SIG_DFL, sa_mask=[], sa_flags=SA_RESTORER, sa_restorer=0x7f2539bf8520}, 8) = 0
uname({sysname="Linux", nodename="bess-f1r5s5.clusters.42paris.fr", ...}) = 0
newfstatat(AT_FDCWD, "/mnt/nfs/homes/legrandc/cursus/pipex", {st_mode=S_IFDIR|0755, st_size=4096, ...}, 0) = 0
newfstatat(AT_FDCWD, ".", {st_mode=S_IFDIR|0755, st_size=4096, ...}, 0) = 0
newfstatat(AT_FDCWD, "/mnt", {st_mode=S_IFDIR|0755, st_size=4096, ...}, 0) = 0
newfstatat(AT_FDCWD, "/mnt/nfs", {st_mode=S_IFDIR|0755, st_size=4096, ...}, 0) = 0
newfstatat(AT_FDCWD, "/mnt/nfs/homes", {st_mode=S_IFDIR|0755, st_size=188416, ...}, 0) = 0
newfstatat(AT_FDCWD, "/mnt/nfs/homes/legrandc", {st_mode=S_IFDIR|0700, st_size=20480, ...}, 0) = 0
newfstatat(AT_FDCWD, "/mnt/nfs/homes/legrandc/cursus", {st_mode=S_IFDIR|0755, st_size=4096, ...}, 0) = 0
newfstatat(AT_FDCWD, "/mnt/nfs/homes/legrandc/cursus/pipex", {st_mode=S_IFDIR|0755, st_size=4096, ...}, 0) = 0
newfstatat(AT_FDCWD, "/mnt/nfs/homes/legrandc/cursus/pipex", {st_mode=S_IFDIR|0755, st_size=4096, ...}, 0) = 0
getpid()                                = 12412
getppid()                               = 12409
newfstatat(AT_FDCWD, ".", {st_mode=S_IFDIR|0755, st_size=4096, ...}, 0) = 0
newfstatat(AT_FDCWD, "/mnt/nfs/homes/legrandc/bin/bash", 0x7fff75c28310, 0) = -1 ENOENT (No such file or directory)
newfstatat(AT_FDCWD, "/mnt/nfs/homes/legrandc/bin/bash", 0x7fff75c28310, 0) = -1 ENOENT (No such file or directory)
newfstatat(AT_FDCWD, "/usr/local/sbin/bash", 0x7fff75c28310, 0) = -1 ENOENT (No such file or directory)
newfstatat(AT_FDCWD, "/usr/local/bin/bash", 0x7fff75c28310, 0) = -1 ENOENT (No such file or directory)
newfstatat(AT_FDCWD, "/usr/sbin/bash", 0x7fff75c28310, 0) = -1 ENOENT (No such file or directory)
newfstatat(AT_FDCWD, "/usr/bin/bash", {st_mode=S_IFREG|0755, st_size=1396520, ...}, 0) = 0
newfstatat(AT_FDCWD, "/usr/bin/bash", {st_mode=S_IFREG|0755, st_size=1396520, ...}, 0) = 0
geteuid()                               = 105647
getegid()                               = 4316
getuid()                                = 105647
getgid()                                = 4316
access("/usr/bin/bash", X_OK)           = 0
newfstatat(AT_FDCWD, "/usr/bin/bash", {st_mode=S_IFREG|0755, st_size=1396520, ...}, 0) = 0
geteuid()                               = 105647
getegid()                               = 4316
getuid()                                = 105647
getgid()                                = 4316
access("/usr/bin/bash", R_OK)           = 0
newfstatat(AT_FDCWD, "/usr/bin/bash", {st_mode=S_IFREG|0755, st_size=1396520, ...}, 0) = 0
newfstatat(AT_FDCWD, "/usr/bin/bash", {st_mode=S_IFREG|0755, st_size=1396520, ...}, 0) = 0
geteuid()                               = 105647
getegid()                               = 4316
getuid()                                = 105647
getgid()                                = 4316
access("/usr/bin/bash", X_OK)           = 0
newfstatat(AT_FDCWD, "/usr/bin/bash", {st_mode=S_IFREG|0755, st_size=1396520, ...}, 0) = 0
geteuid()                               = 105647
getegid()                               = 4316
getuid()                                = 105647
getgid()                                = 4316
access("/usr/bin/bash", R_OK)           = 0
getpid()                                = 12412
getppid()                               = 12409
getpid()                                = 12412
getppid()                               = 12409
getpgrp()                               = 12409
ioctl(2, TIOCGPGRP, [12409])            = 0
rt_sigaction(SIGCHLD, {sa_handler=0x5583ecb93d10, sa_mask=[], sa_flags=SA_RESTORER|SA_RESTART, sa_restorer=0x7f2539bf8520}, {sa_handler=SIG_DFL, sa_mask=[], sa_flags=SA_RESTORER|SA_RESTART, sa_restorer=0x7f2539bf8520}, 8) = 0
prlimit64(0, RLIMIT_NPROC, NULL, {rlim_cur=30874, rlim_max=30874}) = 0
rt_sigprocmask(SIG_BLOCK, NULL, [], 8)  = 0
getpeername(0, 0x7fff75c286e0, [16])    = -1 ENOTSOCK (Socket operation on non-socket)
rt_sigprocmask(SIG_BLOCK, NULL, [], 8)  = 0
newfstatat(AT_FDCWD, ".", {st_mode=S_IFDIR|0755, st_size=4096, ...}, 0) = 0
newfstatat(AT_FDCWD, "/mnt/nfs/homes/legrandc/bin/cat", 0x7fff75c280d0, 0) = -1 ENOENT (No such file or directory)
newfstatat(AT_FDCWD, "/mnt/nfs/homes/legrandc/bin/cat", 0x7fff75c280d0, 0) = -1 ENOENT (No such file or directory)
newfstatat(AT_FDCWD, "/usr/local/sbin/cat", 0x7fff75c280d0, 0) = -1 ENOENT (No such file or directory)
newfstatat(AT_FDCWD, "/usr/local/bin/cat", 0x7fff75c280d0, 0) = -1 ENOENT (No such file or directory)
newfstatat(AT_FDCWD, "/usr/sbin/cat", 0x7fff75c280d0, 0) = -1 ENOENT (No such file or directory)
newfstatat(AT_FDCWD, "/usr/bin/cat", {st_mode=S_IFREG|0755, st_size=35280, ...}, 0) = 0
newfstatat(AT_FDCWD, "/usr/bin/cat", {st_mode=S_IFREG|0755, st_size=35280, ...}, 0) = 0
geteuid()                               = 105647
getegid()                               = 4316
getuid()                                = 105647
getgid()                                = 4316
access("/usr/bin/cat", X_OK)            = 0
newfstatat(AT_FDCWD, "/usr/bin/cat", {st_mode=S_IFREG|0755, st_size=35280, ...}, 0) = 0
geteuid()                               = 105647
getegid()                               = 4316
getuid()                                = 105647
getgid()                                = 4316
access("/usr/bin/cat", R_OK)            = 0
newfstatat(AT_FDCWD, "/usr/bin/cat", {st_mode=S_IFREG|0755, st_size=35280, ...}, 0) = 0
newfstatat(AT_FDCWD, "/usr/bin/cat", {st_mode=S_IFREG|0755, st_size=35280, ...}, 0) = 0
geteuid()                               = 105647
getegid()                               = 4316
getuid()                                = 105647
getgid()                                = 4316
access("/usr/bin/cat", X_OK)            = 0
newfstatat(AT_FDCWD, "/usr/bin/cat", {st_mode=S_IFREG|0755, st_size=35280, ...}, 0) = 0
geteuid()                               = 105647
getegid()                               = 4316
getuid()                                = 105647
getgid()                                = 4316
access("/usr/bin/cat", R_OK)            = 0
rt_sigprocmask(SIG_BLOCK, NULL, [], 8)  = 0
rt_sigprocmask(SIG_BLOCK, [INT TERM CHLD], [], 8) = 0
clone(child_stack=NULL, flags=CLONE_CHILD_CLEARTID|CLONE_CHILD_SETTID|SIGCHLD, child_tidptr=0x7f2539bb3a10) = 12413
rt_sigprocmask(SIG_SETMASK, [], NULL, 8) = 0
rt_sigprocmask(SIG_BLOCK, [CHLD], [], 8) = 0
rt_sigprocmask(SIG_SETMASK, [], NULL, 8) = 0
rt_sigprocmask(SIG_BLOCK, [CHLD], [], 8) = 0
rt_sigaction(SIGINT, {sa_handler=0x5583ecb95dc0, sa_mask=[], sa_flags=SA_RESTORER, sa_restorer=0x7f2539bf8520}, {sa_handler=SIG_DFL, sa_mask=[], sa_flags=SA_RESTORER, sa_restorer=0x7f2539bf8520}, 8) = 0
wait4(-1, [{WIFEXITED(s) && WEXITSTATUS(s) == 0}], 0, NULL) = 12413
rt_sigaction(SIGINT, {sa_handler=SIG_DFL, sa_mask=[], sa_flags=SA_RESTORER, sa_restorer=0x7f2539bf8520}, {sa_handler=0x5583ecb95dc0, sa_mask=[], sa_flags=SA_RESTORER, sa_restorer=0x7f2539bf8520}, 8) = 0
ioctl(2, TIOCGWINSZ, {ws_row=25, ws_col=111, ws_xpixel=0, ws_ypixel=0}) = 0
ioctl(1, TCGETS, {B38400 opost isig icanon echo ...}) = 0
getuid()                                = 105647
geteuid()                               = 105647
getgid()                                = 4316
getegid()                               = 4316
getuid()                                = 105647
geteuid()                               = 105647
getgid()                                = 4316
getegid()                               = 4316
newfstatat(AT_FDCWD, "/mnt/nfs/homes/legrandc/.terminfo", 0x5583eecabde0, 0) = -1 ENOENT (No such file or directory)
newfstatat(AT_FDCWD, "/etc/terminfo", {st_mode=S_IFDIR|0755, st_size=4096, ...}, 0) = 0
newfstatat(AT_FDCWD, "/lib/terminfo", {st_mode=S_IFDIR|0755, st_size=4096, ...}, 0) = 0
newfstatat(AT_FDCWD, "/usr/share/terminfo", {st_mode=S_IFDIR|0755, st_size=4096, ...}, 0) = 0
access("/etc/terminfo/x/xterm-256color", R_OK) = -1 ENOENT (No such file or directory)
access("/lib/terminfo/x/xterm-256color", R_OK) = 0
openat(AT_FDCWD, "/lib/terminfo/x/xterm-256color", O_RDONLY) = 3
newfstatat(3, "", {st_mode=S_IFREG|0644, st_size=3852, ...}, AT_EMPTY_PATH) = 0
read(3, "\36\2%\0&\0\17\0\235\1Z\6xterm-256color|xterm"..., 32768) = 3852
read(3, "", 28672)                      = 0
close(3)                                = 0
ioctl(1, TCGETS, {B38400 opost isig icanon echo ...}) = 0
ioctl(1, TCGETS, {B38400 opost isig icanon echo ...}) = 0
ioctl(1, TCGETS, {B38400 opost isig icanon echo ...}) = 0
ioctl(1, TCGETS, {B38400 opost isig icanon echo ...}) = 0
ioctl(1, TIOCGWINSZ, {ws_row=25, ws_col=111, ws_xpixel=0, ws_ypixel=0}) = 0
ioctl(0, TIOCGWINSZ, {ws_row=25, ws_col=111, ws_xpixel=0, ws_ypixel=0}) = 0
brk(0x5583eecd7000)                     = 0x5583eecd7000
rt_sigprocmask(SIG_SETMASK, [], NULL, 8) = 0
--- SIGCHLD {si_signo=SIGCHLD, si_code=CLD_EXITED, si_pid=12413, si_uid=105647, si_status=0, si_utime=0, si_stime=0} ---
wait4(-1, 0x7fff75c27b90, WNOHANG, NULL) = -1 ECHILD (No child processes)
rt_sigreturn({mask=[]})                 = 0
rt_sigprocmask(SIG_BLOCK, [CHLD], [], 8) = 0
rt_sigprocmask(SIG_SETMASK, [], NULL, 8) = 0
exit_group(0)                           = ?
+++ exited with 0 +++
